<?xml version="1.0" encoding="UTF-8"?>
<!-- Generated by org.testng.reporters.JUnitXMLReporter -->
<testsuite hostname="DESKTOP-QR4NIPM" ignored="0" name="Rest API regression Test" tests="10" failures="1" timestamp="31 Jan 2021 16:21:47 GMT" time="25.258" errors="0">
  <testcase name="getAllUserAPITest" time="18.494" classname="com.qa.api.gorest.tests.GetUserTest"/>
  <testcase name="createUserAPIPostTest" time="8.84" classname="com.qa.api.gorest.tests.CreateUserTest"/>
  <testcase name="getAccountBase" time="0.217" classname="com.qa.api.imgur.tests.GetImgurAPITest"/>
  <testcase name="getAllUserWithQueryParamAPITest" time="1.406" classname="com.qa.api.gorest.tests.GetUserTest"/>
  <testcase name="createUserAPIPostTest" time="1.471" classname="com.qa.api.gorest.tests.CreateUserTest"/>
  <testcase name="getAccountBlockStatus" time="1.573" classname="com.qa.api.imgur.tests.GetImgurAPITest">
    <failure type="java.lang.AssertionError" message="expected [false] but found [true]">
      <![CDATA[java.lang.AssertionError: expected [false] but found [true]
at com.qa.api.imgur.tests.GetImgurAPITest.getAccountBlockStatus(GetImgurAPITest.java:49)
at java.util.concurrent.ThreadPoolExecutor.runWorker(ThreadPoolExecutor.java:1149)
at java.util.concurrent.ThreadPoolExecutor$Worker.run(ThreadPoolExecutor.java:624)
at java.lang.Thread.run(Thread.java:748)
... Removed 14 stack frames]]>
    </failure>
  </testcase> <!-- getAccountBlockStatus -->
  <testcase name="getUserWithIdAPITest" time="1.337" classname="com.qa.api.gorest.tests.GetUserTest"/>
  <testcase name="createUserAPIPostTest" time="1.35" classname="com.qa.api.gorest.tests.CreateUserTest"/>
  <testcase name="createUserAPIPostTest" time="1.371" classname="com.qa.api.gorest.tests.CreateUserTest"/>
  <testcase name="uploadImagePostAPITest" time="3.55" classname="com.qa.api.imgur.tests.GetImgurAPITest"/>
</testsuite> <!-- Rest API regression Test -->
