<?xml version="1.0" encoding="UTF-8"?>
<testng-results skipped="0" failed="1" ignored="0" total="10" passed="9">
  <reporter-output>
  </reporter-output>
  <suite name="Rest API Test Suite" duration-ms="25258" started-at="2021-01-31T16:21:22Z" finished-at="2021-01-31T16:21:47Z">
    <groups>
    </groups>
    <test name="Rest API regression Test" duration-ms="25258" started-at="2021-01-31T16:21:22Z" finished-at="2021-01-31T16:21:47Z">
      <class name="com.qa.api.gorest.tests.CreateUserTest">
        <test-method status="PASS" signature="createUserAPIPostTest(java.lang.String, java.lang.String, java.lang.String, java.lang.String)[pri:0, instance:com.qa.api.gorest.tests.CreateUserTest@7e31ce0f]" name="createUserAPIPostTest" duration-ms="8840" started-at="2021-01-31T16:21:32Z" data-provider="getUserData" finished-at="2021-01-31T16:21:40Z">
          <params>
            <param index="0">
              <value>
                <![CDATA[Jahid R]]>
              </value>
            </param>
            <param index="1">
              <value>
                <![CDATA[jahid@gmail.com]]>
              </value>
            </param>
            <param index="2">
              <value>
                <![CDATA[Male]]>
              </value>
            </param>
            <param index="3">
              <value>
                <![CDATA[Active]]>
              </value>
            </param>
          </params>
          <reporter-output>
          </reporter-output>
        </test-method> <!-- createUserAPIPostTest -->
        <test-method status="PASS" signature="createUserAPIPostTest(java.lang.String, java.lang.String, java.lang.String, java.lang.String)[pri:0, instance:com.qa.api.gorest.tests.CreateUserTest@7e31ce0f]" name="createUserAPIPostTest" duration-ms="1471" started-at="2021-01-31T16:21:41Z" data-provider="getUserData" finished-at="2021-01-31T16:21:42Z">
          <params>
            <param index="0">
              <value>
                <![CDATA[Nahid N ]]>
              </value>
            </param>
            <param index="1">
              <value>
                <![CDATA[nahid@gmail.com]]>
              </value>
            </param>
            <param index="2">
              <value>
                <![CDATA[Male]]>
              </value>
            </param>
            <param index="3">
              <value>
                <![CDATA[Active]]>
              </value>
            </param>
          </params>
          <reporter-output>
          </reporter-output>
        </test-method> <!-- createUserAPIPostTest -->
        <test-method status="PASS" signature="createUserAPIPostTest(java.lang.String, java.lang.String, java.lang.String, java.lang.String)[pri:0, instance:com.qa.api.gorest.tests.CreateUserTest@7e31ce0f]" name="createUserAPIPostTest" duration-ms="1350" started-at="2021-01-31T16:21:42Z" data-provider="getUserData" finished-at="2021-01-31T16:21:43Z">
          <params>
            <param index="0">
              <value>
                <![CDATA[Avi A]]>
              </value>
            </param>
            <param index="1">
              <value>
                <![CDATA[avi@gmail.com]]>
              </value>
            </param>
            <param index="2">
              <value>
                <![CDATA[Male]]>
              </value>
            </param>
            <param index="3">
              <value>
                <![CDATA[Active]]>
              </value>
            </param>
          </params>
          <reporter-output>
          </reporter-output>
        </test-method> <!-- createUserAPIPostTest -->
        <test-method status="PASS" signature="createUserAPIPostTest(java.lang.String, java.lang.String, java.lang.String, java.lang.String)[pri:0, instance:com.qa.api.gorest.tests.CreateUserTest@7e31ce0f]" name="createUserAPIPostTest" duration-ms="1371" started-at="2021-01-31T16:21:43Z" data-provider="getUserData" finished-at="2021-01-31T16:21:45Z">
          <params>
            <param index="0">
              <value>
                <![CDATA[Ilius A]]>
              </value>
            </param>
            <param index="1">
              <value>
                <![CDATA[ilius@gmail.com]]>
              </value>
            </param>
            <param index="2">
              <value>
                <![CDATA[Male]]>
              </value>
            </param>
            <param index="3">
              <value>
                <![CDATA[Active]]>
              </value>
            </param>
          </params>
          <reporter-output>
          </reporter-output>
        </test-method> <!-- createUserAPIPostTest -->
      </class> <!-- com.qa.api.gorest.tests.CreateUserTest -->
      <class name="com.qa.api.imgur.tests.GetImgurAPITest">
        <test-method status="PASS" signature="setUp()[pri:0, instance:com.qa.api.imgur.tests.GetImgurAPITest@3088660d]" name="setUp" is-config="true" duration-ms="18995" started-at="2021-01-31T16:21:22Z" finished-at="2021-01-31T16:21:41Z">
          <reporter-output>
          </reporter-output>
        </test-method> <!-- setUp -->
        <test-method status="PASS" signature="getAccountBase()[pri:0, instance:com.qa.api.imgur.tests.GetImgurAPITest@3088660d]" name="getAccountBase" duration-ms="217" started-at="2021-01-31T16:21:41Z" finished-at="2021-01-31T16:21:41Z">
          <reporter-output>
          </reporter-output>
        </test-method> <!-- getAccountBase -->
        <test-method status="PASS" signature="setUp()[pri:0, instance:com.qa.api.imgur.tests.GetImgurAPITest@3088660d]" name="setUp" is-config="true" duration-ms="223" started-at="2021-01-31T16:21:41Z" finished-at="2021-01-31T16:21:41Z">
          <reporter-output>
          </reporter-output>
        </test-method> <!-- setUp -->
        <test-method status="FAIL" signature="getAccountBlockStatus()[pri:0, instance:com.qa.api.imgur.tests.GetImgurAPITest@3088660d]" name="getAccountBlockStatus" duration-ms="1573" started-at="2021-01-31T16:21:41Z" finished-at="2021-01-31T16:21:43Z">
          <exception class="java.lang.AssertionError">
            <message>
              <![CDATA[expected [false] but found [true]]]>
            </message>
            <full-stacktrace>
              <![CDATA[java.lang.AssertionError: expected [false] but found [true]
at org.testng.Assert.fail(Assert.java:96)
at org.testng.Assert.failNotEquals(Assert.java:776)
at org.testng.Assert.assertFalse(Assert.java:65)
at org.testng.Assert.assertFalse(Assert.java:75)
at com.qa.api.imgur.tests.GetImgurAPITest.getAccountBlockStatus(GetImgurAPITest.java:49)
at sun.reflect.NativeMethodAccessorImpl.invoke0(Native Method)
at sun.reflect.NativeMethodAccessorImpl.invoke(NativeMethodAccessorImpl.java:62)
at sun.reflect.DelegatingMethodAccessorImpl.invoke(DelegatingMethodAccessorImpl.java:43)
at java.lang.reflect.Method.invoke(Method.java:498)
at org.testng.internal.MethodInvocationHelper.invokeMethod(MethodInvocationHelper.java:124)
at org.testng.internal.Invoker.invokeMethod(Invoker.java:583)
at org.testng.internal.Invoker.invokeTestMethod(Invoker.java:719)
at org.testng.internal.Invoker.invokeTestMethods(Invoker.java:989)
at org.testng.internal.TestMethodWorker.invokeTestMethods(TestMethodWorker.java:125)
at org.testng.internal.TestMethodWorker.run(TestMethodWorker.java:109)
at java.util.concurrent.ThreadPoolExecutor.runWorker(ThreadPoolExecutor.java:1149)
at java.util.concurrent.ThreadPoolExecutor$Worker.run(ThreadPoolExecutor.java:624)
at java.lang.Thread.run(Thread.java:748)
]]>
            </full-stacktrace>
          </exception> <!-- java.lang.AssertionError -->
          <reporter-output>
          </reporter-output>
        </test-method> <!-- getAccountBlockStatus -->
        <test-method status="PASS" signature="setUp()[pri:0, instance:com.qa.api.imgur.tests.GetImgurAPITest@3088660d]" name="setUp" is-config="true" duration-ms="226" started-at="2021-01-31T16:21:43Z" finished-at="2021-01-31T16:21:43Z">
          <reporter-output>
          </reporter-output>
        </test-method> <!-- setUp -->
        <test-method status="PASS" signature="uploadImagePostAPITest()[pri:0, instance:com.qa.api.imgur.tests.GetImgurAPITest@3088660d]" name="uploadImagePostAPITest" duration-ms="3550" started-at="2021-01-31T16:21:43Z" finished-at="2021-01-31T16:21:47Z">
          <reporter-output>
          </reporter-output>
        </test-method> <!-- uploadImagePostAPITest -->
      </class> <!-- com.qa.api.imgur.tests.GetImgurAPITest -->
      <class name="com.qa.api.gorest.tests.GetUserTest">
        <test-method status="PASS" signature="getAllUserAPITest()[pri:0, instance:com.qa.api.gorest.tests.GetUserTest@99a65d3]" name="getAllUserAPITest" duration-ms="18494" started-at="2021-01-31T16:21:22Z" finished-at="2021-01-31T16:21:40Z">
          <reporter-output>
          </reporter-output>
        </test-method> <!-- getAllUserAPITest -->
        <test-method status="PASS" signature="getAllUserWithQueryParamAPITest()[pri:0, instance:com.qa.api.gorest.tests.GetUserTest@99a65d3]" name="getAllUserWithQueryParamAPITest" duration-ms="1406" started-at="2021-01-31T16:21:41Z" finished-at="2021-01-31T16:21:42Z">
          <reporter-output>
          </reporter-output>
        </test-method> <!-- getAllUserWithQueryParamAPITest -->
        <test-method status="PASS" signature="getUserWithIdAPITest()[pri:0, instance:com.qa.api.gorest.tests.GetUserTest@99a65d3]" name="getUserWithIdAPITest" duration-ms="1337" started-at="2021-01-31T16:21:42Z" finished-at="2021-01-31T16:21:43Z">
          <reporter-output>
          </reporter-output>
        </test-method> <!-- getUserWithIdAPITest -->
      </class> <!-- com.qa.api.gorest.tests.GetUserTest -->
    </test> <!-- Rest API regression Test -->
  </suite> <!-- Rest API Test Suite -->
</testng-results>
